<?xml version="1.0" encoding="UTF-8"?>
<robot generator="Robot 6.1.1 (Python 3.11.0 on win32)" generated="20240815 15:48:23.946" rpa="false" schemaversion="4">
<suite id="s1" name="App" source="C:\workspace\api_test_robot\app">
<suite id="s1-s1" name="deleteUserById" source="C:\workspace\api_test_robot\app\deleteUserById.robot">
<test id="s1-s1-t1" name="Send DELETE Request" line="12">
<kw name="Load Json From File" library="JSONLibrary">
<var>${payload}</var>
<arg>${FIXTURE_PATH}</arg>
<doc>Load JSON from file.</doc>
<msg timestamp="20240815 15:48:24.289" level="INFO">${payload} = {'name': 'John', 'last_name': 'Doe', 'email': 'john.doe@example.com'}</msg>
<status status="PASS" starttime="20240815 15:48:24.289" endtime="20240815 15:48:24.289"/>
</kw>
<kw name="Create users" library="services">
<var>${response}</var>
<arg>${payload}</arg>
<kw name="POST" library="RequestsLibrary">
<var>${response}</var>
<arg>${BASE_URL}${user_route}</arg>
<arg>json=${PAYLOAD}</arg>
<arg>headers=${HEADERS}</arg>
<doc>Sends a POST request.</doc>
<msg timestamp="20240815 15:48:24.651" level="INFO">POST Request : url=https://api-desafio-qa.onrender.com/users 
 path_url=/users 
 headers={'User-Agent': 'python-requests/2.32.3', 'Accept-Encoding': 'gzip, deflate', 'Accept': '*/*', 'Connection': 'keep-alive', 'Content-Type': 'application/json', 'Content-Length': '69'} 
 body=b'{"name": "John", "last_name": "Doe", "email": "john.doe@example.com"}' 
 </msg>
<msg timestamp="20240815 15:48:24.652" level="INFO">POST Response : url=https://api-desafio-qa.onrender.com/users 
 status=201, reason=Created 
 headers={'Date': 'Thu, 15 Aug 2024 18:48:24 GMT', 'Content-Type': 'application/json; charset=utf-8', 'Transfer-Encoding': 'chunked', 'Connection': 'keep-alive', 'CF-Ray': '8b3b5bcf0b9327ed-JDO', 'CF-Cache-Status': 'DYNAMIC', 'ETag': 'W/"47-x4llBZpfcUx901N1265cYEXqQfc"', 'Vary': 'Accept-Encoding', 'rndr-id': '73f487d9-5974-4760', 'x-powered-by': 'Express', 'x-render-origin-server': 'Render', 'Server': 'cloudflare', 'alt-svc': 'h3=":443"; ma=86400'} 
 body={"name":"John","last_name":"Doe","email":"john.doe@example.com","id":9} 
 </msg>
<msg timestamp="20240815 15:48:24.652" level="INFO">${response} = &lt;Response [201]&gt;</msg>
<status status="PASS" starttime="20240815 15:48:24.290" endtime="20240815 15:48:24.652"/>
</kw>
<msg timestamp="20240815 15:48:24.653" level="INFO">${response} = &lt;Response [201]&gt;</msg>
<status status="PASS" starttime="20240815 15:48:24.290" endtime="20240815 15:48:24.653"/>
</kw>
<kw name="Status Should Be" library="RequestsLibrary">
<arg>201</arg>
<doc>Fails if response status code is different than the expected.</doc>
<status status="PASS" starttime="20240815 15:48:24.654" endtime="20240815 15:48:24.655"/>
</kw>
<kw name="Set Variable" library="BuiltIn">
<var>${user_id}</var>
<arg>${response.json()['id']}</arg>
<doc>Returns the given values which can then be assigned to a variables.</doc>
<msg timestamp="20240815 15:48:24.658" level="INFO">${user_id} = 9</msg>
<status status="PASS" starttime="20240815 15:48:24.656" endtime="20240815 15:48:24.658"/>
</kw>
<kw name="Log To Console" library="BuiltIn">
<arg>${user_id}</arg>
<doc>Logs the given message to the console.</doc>
<status status="PASS" starttime="20240815 15:48:24.659" endtime="20240815 15:48:24.660"/>
</kw>
<kw name="Delete User by Id" library="services">
<var>${response}</var>
<arg>${user_id}</arg>
<kw name="DELETE" library="RequestsLibrary">
<var>${response}</var>
<arg>${BASE_URL}${USER_ROUTE}/${user_id}</arg>
<arg>headers=${HEADERS}</arg>
<doc>Sends a DELETE request.</doc>
<msg timestamp="20240815 15:48:25.048" level="INFO">DELETE Request : url=https://api-desafio-qa.onrender.com/users/9 
 path_url=/users/9 
 headers={'User-Agent': 'python-requests/2.32.3', 'Accept-Encoding': 'gzip, deflate', 'Accept': '*/*', 'Connection': 'keep-alive', 'Content-Type': 'application/json', 'Content-Length': '0'} 
 body=None 
 </msg>
<msg timestamp="20240815 15:48:25.048" level="INFO">DELETE Response : url=https://api-desafio-qa.onrender.com/users/9 
 status=200, reason=OK 
 headers={'Date': 'Thu, 15 Aug 2024 18:48:24 GMT', 'Content-Type': 'application/json; charset=utf-8', 'Transfer-Encoding': 'chunked', 'Connection': 'keep-alive', 'CF-Ray': '8b3b5bd12cda280c-JDO', 'CF-Cache-Status': 'DYNAMIC', 'ETag': 'W/"20-MsGXQC9VtdkGgzeLSMGR2kjV7Sg"', 'Vary': 'Accept-Encoding', 'rndr-id': '5a5f833a-0a5a-4343', 'x-powered-by': 'Express', 'x-render-origin-server': 'Render', 'Server': 'cloudflare', 'Content-Encoding': 'gzip', 'alt-svc': 'h3=":443"; ma=86400'} 
 body={"message":"User id 9 deleted."} 
 </msg>
<msg timestamp="20240815 15:48:25.049" level="INFO">${response} = &lt;Response [200]&gt;</msg>
<status status="PASS" starttime="20240815 15:48:24.662" endtime="20240815 15:48:25.049"/>
</kw>
<msg timestamp="20240815 15:48:25.049" level="INFO">${response} = &lt;Response [200]&gt;</msg>
<status status="PASS" starttime="20240815 15:48:24.661" endtime="20240815 15:48:25.049"/>
</kw>
<kw name="Status Should Be" library="RequestsLibrary">
<arg>200</arg>
<doc>Fails if response status code is different than the expected.</doc>
<status status="PASS" starttime="20240815 15:48:25.050" endtime="20240815 15:48:25.050"/>
</kw>
<status status="PASS" starttime="20240815 15:48:24.288" endtime="20240815 15:48:25.051"/>
</test>
<status status="PASS" starttime="20240815 15:48:23.980" endtime="20240815 15:48:25.054"/>
</suite>
<suite id="s1-s2" name="getAllUsers" source="C:\workspace\api_test_robot\app\getAllUsers.robot">
<test id="s1-s2-t1" name="Send GET Request" line="5">
<kw name="Search All Users" library="services">
<var>${response}</var>
<kw name="GET" library="RequestsLibrary">
<var>${response}</var>
<arg>${BASE_URL}${user_route}</arg>
<arg>headers=${HEADERS}</arg>
<doc>Sends a GET request.</doc>
<msg timestamp="20240815 15:48:25.400" level="INFO">GET Request : url=https://api-desafio-qa.onrender.com/users 
 path_url=/users 
 headers={'User-Agent': 'python-requests/2.32.3', 'Accept-Encoding': 'gzip, deflate', 'Accept': '*/*', 'Connection': 'keep-alive', 'Content-Type': 'application/json'} 
 body=None 
 </msg>
<msg timestamp="20240815 15:48:25.401" level="INFO">GET Response : url=https://api-desafio-qa.onrender.com/users 
 status=200, reason=OK 
 headers={'Date': 'Thu, 15 Aug 2024 18:48:25 GMT', 'Content-Type': 'application/json; charset=utf-8', 'Transfer-Encoding': 'chunked', 'Connection': 'keep-alive', 'CF-Ray': '8b3b5bd3b8f06f8b-JDO', 'CF-Cache-Status': 'DYNAMIC', 'ETag': 'W/"263-2MSiNJQcVYfoNAs1qV17rjFCF+I"', 'Vary': 'Accept-Encoding', 'rndr-id': '9b3c0664-0615-4a34', 'x-powered-by': 'Express', 'x-render-origin-server': 'Render', 'Server': 'cloudflare', 'Content-Encoding': 'gzip', 'alt-svc': 'h3=":443"; ma=86400'} 
 body=[{"email":"john.doe@example.com","id":1,"last_name":"Doe","name":"John"},{"email":"jane.smith@example.com","id":2,"last_name":"Smith","name":"Jane"},{"email":"michael.johnson@example.com","id":3,"last_name":"Johnson","name":"Michael"},{"email":"emily.davis@example.com","id":4,"last_name":"Davis","name":"Emily"},{"email":"william.brown@example.com","id":5,"last_name":"Brown","name":"William"},{"email":"john.doe@example.com","id":6,"last_name":"Doe","name":"John"},{"email":"john.doe@example.com","id":7,"last_name":"Doe","name":"John"},{"email":"john.doe@example.com","id":8,"last_name":"Doe","name":"John"}] 
 </msg>
<msg timestamp="20240815 15:48:25.401" level="INFO">${response} = &lt;Response [200]&gt;</msg>
<status status="PASS" starttime="20240815 15:48:25.069" endtime="20240815 15:48:25.401"/>
</kw>
<msg timestamp="20240815 15:48:25.402" level="INFO">${response} = &lt;Response [200]&gt;</msg>
<status status="PASS" starttime="20240815 15:48:25.069" endtime="20240815 15:48:25.402"/>
</kw>
<kw name="Status Should Be" library="RequestsLibrary">
<arg>200</arg>
<doc>Fails if response status code is different than the expected.</doc>
<status status="PASS" starttime="20240815 15:48:25.404" endtime="20240815 15:48:25.404"/>
</kw>
<status status="PASS" starttime="20240815 15:48:25.069" endtime="20240815 15:48:25.406"/>
</test>
<status status="PASS" starttime="20240815 15:48:25.057" endtime="20240815 15:48:25.410"/>
</suite>
<suite id="s1-s3" name="Post" source="C:\workspace\api_test_robot\app\post.robot">
<test id="s1-s3-t1" name="Send POST Request" line="5">
<kw name="Create Dictionary" library="BuiltIn">
<var>${PAYLOAD}</var>
<arg>name=John</arg>
<arg>last_name=Doe</arg>
<arg>email=john.doe@example.com</arg>
<doc>Creates and returns a dictionary based on the given ``items``.</doc>
<msg timestamp="20240815 15:48:25.432" level="INFO">${PAYLOAD} = {'name': 'John', 'last_name': 'Doe', 'email': 'john.doe@example.com'}</msg>
<status status="PASS" starttime="20240815 15:48:25.431" endtime="20240815 15:48:25.432"/>
</kw>
<kw name="Create users" library="services">
<var>${response}</var>
<arg>${PAYLOAD}</arg>
<kw name="POST" library="RequestsLibrary">
<var>${response}</var>
<arg>${BASE_URL}${user_route}</arg>
<arg>json=${PAYLOAD}</arg>
<arg>headers=${HEADERS}</arg>
<doc>Sends a POST request.</doc>
<msg timestamp="20240815 15:48:25.770" level="INFO">POST Request : url=https://api-desafio-qa.onrender.com/users 
 path_url=/users 
 headers={'User-Agent': 'python-requests/2.32.3', 'Accept-Encoding': 'gzip, deflate', 'Accept': '*/*', 'Connection': 'keep-alive', 'Content-Type': 'application/json', 'Content-Length': '69'} 
 body=b'{"name": "John", "last_name": "Doe", "email": "john.doe@example.com"}' 
 </msg>
<msg timestamp="20240815 15:48:25.770" level="INFO">POST Response : url=https://api-desafio-qa.onrender.com/users 
 status=201, reason=Created 
 headers={'Date': 'Thu, 15 Aug 2024 18:48:25 GMT', 'Content-Type': 'application/json; charset=utf-8', 'Transfer-Encoding': 'chunked', 'Connection': 'keep-alive', 'CF-Ray': '8b3b5bd60efc6f8f-JDO', 'CF-Cache-Status': 'DYNAMIC', 'ETag': 'W/"47-x4llBZpfcUx901N1265cYEXqQfc"', 'Vary': 'Accept-Encoding', 'rndr-id': '94db1928-6e96-4d62', 'x-powered-by': 'Express', 'x-render-origin-server': 'Render', 'Server': 'cloudflare', 'alt-svc': 'h3=":443"; ma=86400'} 
 body={"name":"John","last_name":"Doe","email":"john.doe@example.com","id":9} 
 </msg>
<msg timestamp="20240815 15:48:25.771" level="INFO">${response} = &lt;Response [201]&gt;</msg>
<status status="PASS" starttime="20240815 15:48:25.433" endtime="20240815 15:48:25.771"/>
</kw>
<msg timestamp="20240815 15:48:25.771" level="INFO">${response} = &lt;Response [201]&gt;</msg>
<status status="PASS" starttime="20240815 15:48:25.433" endtime="20240815 15:48:25.771"/>
</kw>
<kw name="Status Should Be" library="RequestsLibrary">
<arg>201</arg>
<doc>Fails if response status code is different than the expected.</doc>
<status status="PASS" starttime="20240815 15:48:25.773" endtime="20240815 15:48:25.773"/>
</kw>
<status status="PASS" starttime="20240815 15:48:25.431" endtime="20240815 15:48:25.774"/>
</test>
<status status="PASS" starttime="20240815 15:48:25.415" endtime="20240815 15:48:25.779"/>
</suite>
<status status="PASS" starttime="20240815 15:48:23.949" endtime="20240815 15:48:25.784"/>
</suite>
<statistics>
<total>
<stat pass="3" fail="0" skip="0">All Tests</stat>
</total>
<tag>
</tag>
<suite>
<stat pass="3" fail="0" skip="0" id="s1" name="App">App</stat>
<stat pass="1" fail="0" skip="0" id="s1-s1" name="deleteUserById">App.deleteUserById</stat>
<stat pass="1" fail="0" skip="0" id="s1-s2" name="getAllUsers">App.getAllUsers</stat>
<stat pass="1" fail="0" skip="0" id="s1-s3" name="Post">App.Post</stat>
</suite>
</statistics>
<errors>
</errors>
</robot>
